Generation output:

C:\Magic\Web\tinadmingit>echo off 
copying files



C:\Magic\Web\tinadmingit>echo off 
generating components
[V-CLI] cmd.exe /c ng g @magic-xpa/cli:magic --skip-install
[>]  ********************************* START    GENERATE *********************************
   Number of modules to be check for generate: 1
[>]           ******    Start Web Module name : []    *******
*** Step 1: Loading JSON files ***
[>] Loading JSON file ./magic-metadata/tickets/tickets/modifyCreateTicket/modifyCreateTicket.json
*** Step 2: Processing JSON files -  (1 components) ***
[>] Processing JSON file for component modifyCreateTicket
*** Step 3: generate components. (1 components) ***
[>] generate component modifyCreateTicket
[>] Step 4: components-list.
[>]  ********************************* E N D    GENERATE *********************************
UPDATE src/app/magic/tickets/tickets/modifyCreateTicket/modifyCreateTicket.component.ts (344 bytes)
UPDATE src/app/magic/tickets/tickets/modifyCreateTicket/modifyCreateTicket.component.html (3346 bytes)
UPDATE src/app/magic/component-list.g.ts (2656 bytes)



Generation warnings/errors:
