Import warnings from file: C:\Magic\TIN\Exports\Project.xml (22/04/19 09:14:43)
===============================================================================

Table 304 referenced by DB doesn't exist, DB is zeroed
Main task Table 304 don't exist, Table zeroed
Table 304 referenced by DB doesn't exist, DB is zeroed
Main task Table 304 don't exist, Table zeroed
Table 304 referenced by DB doesn't exist, DB is zeroed
Main task Table 304 don't exist, Table zeroed
Table 328 referenced by DB doesn't exist, DB is zeroed
Main task Table 328 don't exist, Table zeroed
Table 144 referenced by DB doesn't exist, DB is zeroed
Table 145 referenced by DB doesn't exist, DB is zeroed
Table 144 referenced by link doesn't exist, link zeroed
Table 145 referenced by link doesn't exist, link zeroed
Table 143 referenced by DB doesn't exist, DB is zeroed
Main task Table 143 don't exist, Table zeroed
Table 303 referenced by DB doesn't exist, DB is zeroed
Main task Table 303 don't exist, Table zeroed
Table 303 referenced by DB doesn't exist, DB is zeroed
Main task Table 303 don't exist, Table zeroed
Table 303 referenced by DB doesn't exist, DB is zeroed
Main task Table 303 don't exist, Table zeroed
Table 48 referenced by DB doesn't exist, DB is zeroed
Main task Table 48 don't exist, Table zeroed
Table 294 referenced by DB doesn't exist, DB is zeroed
Table 299 referenced by DB doesn't exist, DB is zeroed
Table 295 referenced by DB doesn't exist, DB is zeroed
Table 297 referenced by DB doesn't exist, DB is zeroed
Main task Table 295 don't exist, Table zeroed
Table 297 referenced by link doesn't exist, link zeroed
Table 294 referenced by link doesn't exist, link zeroed
Table 299 referenced by link doesn't exist, link zeroed
Table 141 referenced by DB doesn't exist, DB is zeroed
Table 243 referenced by DB doesn't exist, DB is zeroed
Table 299 referenced by DB doesn't exist, DB is zeroed
Table 295 referenced by DB doesn't exist, DB is zeroed
Table 294 referenced by DB doesn't exist, DB is zeroed
Table 297 referenced by DB doesn't exist, DB is zeroed
Table 298 referenced by DB doesn't exist, DB is zeroed
Main task Table 295 don't exist, Table zeroed
Table 297 referenced by link doesn't exist, link zeroed
Table 294 referenced by link doesn't exist, link zeroed
Table 298 referenced by link doesn't exist, link zeroed
Table 243 referenced by link doesn't exist, link zeroed
Table 299 referenced by link doesn't exist, link zeroed
Table 141 referenced by link doesn't exist, link zeroed
Table 121 referenced by DB doesn't exist, DB is zeroed
Table 121 referenced by link doesn't exist, link zeroed
Table 299 referenced by DB doesn't exist, DB is zeroed
Table 299 referenced by link doesn't exist, link zeroed
Table 67 referenced by DB doesn't exist, DB is zeroed
Table 243 referenced by DB doesn't exist, DB is zeroed
Table 67 referenced by link doesn't exist, link zeroed
Table 243 referenced by link doesn't exist, link zeroed
Table 42 referenced by DB doesn't exist, DB is zeroed
Main task Table 42 don't exist, Table zeroed
Table 42 referenced by DB doesn't exist, DB is zeroed
Table 50 referenced by DB doesn't exist, DB is zeroed
Table 50 referenced by link doesn't exist, link zeroed
Table 42 referenced by link doesn't exist, link zeroed
Table 40 referenced by DB doesn't exist, DB is zeroed
Main task Table 40 don't exist, Table zeroed
Table 41 referenced by DB doesn't exist, DB is zeroed
Main task Table 41 don't exist, Table zeroed
Table 40 referenced by DB doesn't exist, DB is zeroed
Table 40 referenced by link doesn't exist, link zeroed
Table 40 referenced by DB doesn't exist, DB is zeroed
Table 40 referenced by link doesn't exist, link zeroed
Table 41 referenced by DB doesn't exist, DB is zeroed
Table 41 referenced by link doesn't exist, link zeroed
Table 43 referenced by DB doesn't exist, DB is zeroed
Main task Table 43 don't exist, Table zeroed
Table 43 referenced by DB doesn't exist, DB is zeroed
Table 43 referenced by link doesn't exist, link zeroed
Table 294 referenced by DB doesn't exist, DB is zeroed
Main task Table 294 don't exist, Table zeroed
Table 294 referenced by DB doesn't exist, DB is zeroed
Table 50 referenced by DB doesn't exist, DB is zeroed
Table 50 referenced by link doesn't exist, link zeroed
Table 294 referenced by link doesn't exist, link zeroed
Table 295 referenced by DB doesn't exist, DB is zeroed
Main task Table 295 don't exist, Table zeroed
Table 296 referenced by DB doesn't exist, DB is zeroed
Main task Table 296 don't exist, Table zeroed
Table 295 referenced by DB doesn't exist, DB is zeroed
Table 295 referenced by DB doesn't exist, DB is zeroed
Table 295 referenced by link doesn't exist, link zeroed
Table 296 referenced by DB doesn't exist, DB is zeroed
Table 296 referenced by DB doesn't exist, DB is zeroed
Table 296 referenced by link doesn't exist, link zeroed
Table 295 referenced by DB doesn't exist, DB is zeroed
Table 296 referenced by DB doesn't exist, DB is zeroed
Main task Table 295 don't exist, Table zeroed
Table 296 referenced by link doesn't exist, link zeroed
Table 296 referenced by link doesn't exist, link zeroed
Table 297 referenced by DB doesn't exist, DB is zeroed
Main task Table 297 don't exist, Table zeroed
Table 297 referenced by DB doesn't exist, DB is zeroed
Table 297 referenced by link doesn't exist, link zeroed
Table 298 referenced by DB doesn't exist, DB is zeroed
Main task Table 298 don't exist, Table zeroed
Table 298 referenced by DB doesn't exist, DB is zeroed
Table 298 referenced by link doesn't exist, link zeroed
Table 199 referenced by DB doesn't exist, DB is zeroed
Main task Table 199 don't exist, Table zeroed
Table 39 referenced by DB doesn't exist, DB is zeroed
Table 39 referenced by link doesn't exist, link zeroed
Table 188 referenced by DB doesn't exist, DB is zeroed
Table 188 referenced by link doesn't exist, link zeroed
Table 183 referenced by DB doesn't exist, DB is zeroed
Main task Table 183 don't exist, Table zeroed
Table 184 referenced by DB doesn't exist, DB is zeroed
Main task Table 184 don't exist, Table zeroed
Table 181 referenced by DB doesn't exist, DB is zeroed
Table 39 referenced by DB doesn't exist, DB is zeroed
Table 39 referenced by link doesn't exist, link zeroed
Table 181 referenced by link doesn't exist, link zeroed
Table 183 referenced by DB doesn't exist, DB is zeroed
Main task Table 183 don't exist, Table zeroed
Table 184 referenced by DB doesn't exist, DB is zeroed
Main task Table 184 don't exist, Table zeroed
Table 188 referenced by DB doesn't exist, DB is zeroed
Main task Table 188 don't exist, Table zeroed
Table 72 referenced by DB doesn't exist, DB is zeroed
Main task Table 72 don't exist, Table zeroed
Table 201 referenced by DB doesn't exist, DB is zeroed
Main task Table 201 don't exist, Table zeroed
Table 292 referenced by DB doesn't exist, DB is zeroed
Main task Table 292 don't exist, Table zeroed
Table 212 referenced by DB doesn't exist, DB is zeroed
Table 212 referenced by link doesn't exist, link zeroed
Table 212 referenced by link doesn't exist, link zeroed
Table 212 referenced by DB doesn't exist, DB is zeroed
Main task Table 212 don't exist, Table zeroed
Table 50 referenced by DB doesn't exist, DB is zeroed
Main task Table 50 don't exist, Table zeroed
Table 49 referenced by DB doesn't exist, DB is zeroed
Table 245 referenced by DB doesn't exist, DB is zeroed
Main task Table 49 don't exist, Table zeroed
Table 245 referenced by link doesn't exist, link zeroed
Table 245 referenced by DB doesn't exist, DB is zeroed
Main task Table 245 don't exist, Table zeroed
Table 244 referenced by DB doesn't exist, DB is zeroed
Main task Table 244 don't exist, Table zeroed
Table 243 referenced by DB doesn't exist, DB is zeroed
Main task Table 243 don't exist, Table zeroed
Table 246 referenced by DB doesn't exist, DB is zeroed
Main task Table 246 don't exist, Table zeroed
Table 246 referenced by DB doesn't exist, DB is zeroed
Main task Table 246 don't exist, Table zeroed
Table 67 referenced by DB doesn't exist, DB is zeroed
Table 39 referenced by DB doesn't exist, DB is zeroed
Main task Table 39 don't exist, Table zeroed
Table 67 referenced by link doesn't exist, link zeroed
Table 39 referenced by DB doesn't exist, DB is zeroed
Table 186 referenced by DB doesn't exist, DB is zeroed
Main task Table 39 don't exist, Table zeroed
Table 186 referenced by link doesn't exist, link zeroed
Table 53 referenced by DB doesn't exist, DB is zeroed
Main task Table 53 don't exist, Table zeroed
Table 56 referenced by DB doesn't exist, DB is zeroed
Main task Table 56 don't exist, Table zeroed
Table 187 referenced by DB doesn't exist, DB is zeroed
Main task Table 187 don't exist, Table zeroed
Table 51 referenced by DB doesn't exist, DB is zeroed
Main task Table 51 don't exist, Table zeroed
Table 179 referenced by DB doesn't exist, DB is zeroed
Main task Table 179 don't exist, Table zeroed
Table 52 referenced by DB doesn't exist, DB is zeroed
Main task Table 52 don't exist, Table zeroed
Table 57 referenced by DB doesn't exist, DB is zeroed
Main task Table 57 don't exist, Table zeroed
Table 57 referenced by DB doesn't exist, DB is zeroed
Main task Table 57 don't exist, Table zeroed
Table 186 referenced by DB doesn't exist, DB is zeroed
Main task Table 186 don't exist, Table zeroed
Table 39 referenced by DB doesn't exist, DB is zeroed
Table 39 referenced by link doesn't exist, link zeroed
Table 185 referenced by DB doesn't exist, DB is zeroed
Table 186 referenced by DB doesn't exist, DB is zeroed
Main task Table 185 don't exist, Table zeroed
Table 186 referenced by link doesn't exist, link zeroed
Table 39 referenced by DB doesn't exist, DB is zeroed
Table 186 referenced by DB doesn't exist, DB is zeroed
Table 39 referenced by link doesn't exist, link zeroed
Table 186 referenced by link doesn't exist, link zeroed
Table 59 referenced by DB doesn't exist, DB is zeroed
Main task Table 59 don't exist, Table zeroed
Table 38 referenced by DB doesn't exist, DB is zeroed
Main task Table 38 don't exist, Table zeroed
Table 329 referenced by DB doesn't exist, DB is zeroed
Main task Table 329 don't exist, Table zeroed
Table 220 referenced by DB doesn't exist, DB is zeroed
Main task Table 220 don't exist, Table zeroed
Table 101 referenced by DB doesn't exist, DB is zeroed
Main task Table 101 don't exist, Table zeroed
Table 131 referenced by DB doesn't exist, DB is zeroed
Main task Table 131 don't exist, Table zeroed
Table 139 referenced by DB doesn't exist, DB is zeroed
Main task Table 139 don't exist, Table zeroed
Table 331 referenced by DB doesn't exist, DB is zeroed
Main task Table 331 don't exist, Table zeroed
Table 188 referenced by DB doesn't exist, DB is zeroed
Main task Table 188 don't exist, Table zeroed
Table 72 referenced by DB doesn't exist, DB is zeroed
Main task Table 72 don't exist, Table zeroed
Table 188 referenced by DB doesn't exist, DB is zeroed
Main task Table 188 don't exist, Table zeroed
Table 72 referenced by DB doesn't exist, DB is zeroed
Main task Table 72 don't exist, Table zeroed
Table 258 referenced by DB doesn't exist, DB is zeroed
Main task Table 258 don't exist, Table zeroed
Table 257 referenced by DB doesn't exist, DB is zeroed
Main task Table 257 don't exist, Table zeroed
Table 71 referenced by DB doesn't exist, DB is zeroed
Main task Table 71 don't exist, Table zeroed
Table 184 referenced by DB doesn't exist, DB is zeroed
Main task Table 184 don't exist, Table zeroed
Table 183 referenced by DB doesn't exist, DB is zeroed
Table 101 referenced by DB doesn't exist, DB is zeroed
Main task Table 183 don't exist, Table zeroed
Table 101 referenced by link doesn't exist, link zeroed
Table 182 referenced by DB doesn't exist, DB is zeroed
Main task Table 182 don't exist, Table zeroed
Table 183 referenced by DB doesn't exist, DB is zeroed
Main task Table 183 don't exist, Table zeroed
Table 184 referenced by DB doesn't exist, DB is zeroed
Main task Table 184 don't exist, Table zeroed
Table 171 referenced by DB doesn't exist, DB is zeroed
Main task Table 171 don't exist, Table zeroed
Table 52 referenced by DB doesn't exist, DB is zeroed
Main task Table 52 don't exist, Table zeroed
Table 61 referenced by DB doesn't exist, DB is zeroed
Main task Table 61 don't exist, Table zeroed
Table 209 referenced by DB doesn't exist, DB is zeroed
Main task Table 209 don't exist, Table zeroed
Table 39 referenced by DB doesn't exist, DB is zeroed
Main task Table 39 don't exist, Table zeroed
Table 74 referenced by DB doesn't exist, DB is zeroed
Main task Table 74 don't exist, Table zeroed
Table 106 referenced by DB doesn't exist, DB is zeroed
Main task Table 106 don't exist, Table zeroed
Table 62 referenced by DB doesn't exist, DB is zeroed
Main task Table 62 don't exist, Table zeroed
Table 59 referenced by DB doesn't exist, DB is zeroed
Main task Table 59 don't exist, Table zeroed
Table 121 referenced by DB doesn't exist, DB is zeroed
Main task Table 121 don't exist, Table zeroed
Table 177 referenced by DB doesn't exist, DB is zeroed
Main task Table 177 don't exist, Table zeroed
Table 67 referenced by DB doesn't exist, DB is zeroed
Table 39 referenced by DB doesn't exist, DB is zeroed
Table 67 referenced by link doesn't exist, link zeroed
Table 39 referenced by link doesn't exist, link zeroed
Table 39 referenced by DB doesn't exist, DB is zeroed
Table 58 referenced by DB doesn't exist, DB is zeroed
Table 39 referenced by link doesn't exist, link zeroed
Table 58 referenced by link doesn't exist, link zeroed
Table 98 referenced by DB doesn't exist, DB is zeroed
Table 98 referenced by link doesn't exist, link zeroed
Table 98 referenced by link doesn't exist, link zeroed
Table 191 referenced by DB doesn't exist, DB is zeroed
Table 191 referenced by link doesn't exist, link zeroed
Table 191 referenced by link doesn't exist, link zeroed
Table 49 referenced by DB doesn't exist, DB is zeroed
Table 50 referenced by DB doesn't exist, DB is zeroed
Table 39 referenced by DB doesn't exist, DB is zeroed
Table 39 referenced by link doesn't exist, link zeroed
Table 49 referenced by link doesn't exist, link zeroed
Table 50 referenced by link doesn't exist, link zeroed
Table 39 referenced by DB doesn't exist, DB is zeroed
Table 57 referenced by DB doesn't exist, DB is zeroed
Table 180 referenced by DB doesn't exist, DB is zeroed
Table 39 referenced by link doesn't exist, link zeroed
Table 180 referenced by link doesn't exist, link zeroed
Table 57 referenced by link doesn't exist, link zeroed
Table 46 referenced by DB doesn't exist, DB is zeroed
Main task Table 46 don't exist, Table zeroed
Table 181 referenced by DB doesn't exist, DB is zeroed
Table 183 referenced by DB doesn't exist, DB is zeroed
Main task Table 183 don't exist, Table zeroed
Table 181 referenced by link doesn't exist, link zeroed
Table 57 referenced by DB doesn't exist, DB is zeroed
Table 182 referenced by DB doesn't exist, DB is zeroed
Table 39 referenced by DB doesn't exist, DB is zeroed
Main task Table 182 don't exist, Table zeroed
Table 39 referenced by link doesn't exist, link zeroed
Table 57 referenced by link doesn't exist, link zeroed
Table 85 referenced by DB doesn't exist, DB is zeroed
Main task Table 85 don't exist, Table zeroed
Table 88 referenced by DB doesn't exist, DB is zeroed
Main task Table 88 don't exist, Table zeroed
Table 89 referenced by DB doesn't exist, DB is zeroed
Main task Table 89 don't exist, Table zeroed
Table 90 referenced by DB doesn't exist, DB is zeroed
Main task Table 90 don't exist, Table zeroed
Table 91 referenced by DB doesn't exist, DB is zeroed
Main task Table 91 don't exist, Table zeroed
Table 92 referenced by DB doesn't exist, DB is zeroed
Main task Table 92 don't exist, Table zeroed
Table 93 referenced by DB doesn't exist, DB is zeroed
Main task Table 93 don't exist, Table zeroed
Table 67 referenced by DB doesn't exist, DB is zeroed
Table 249 referenced by DB doesn't exist, DB is zeroed
Table 67 referenced by link doesn't exist, link zeroed
Table 249 referenced by link doesn't exist, link zeroed
Table 249 referenced by link doesn't exist, link zeroed
Table 67 referenced by link doesn't exist, link zeroed
Table 249 referenced by link doesn't exist, link zeroed
Table 144 referenced by DB doesn't exist, DB is zeroed
Table 145 referenced by DB doesn't exist, DB is zeroed
Table 144 referenced by link doesn't exist, link zeroed
Table 145 referenced by link doesn't exist, link zeroed
Table 143 referenced by DB doesn't exist, DB is zeroed
Main task Table 143 don't exist, Table zeroed
Table 144 referenced by DB doesn't exist, DB is zeroed
Table 145 referenced by DB doesn't exist, DB is zeroed
Table 144 referenced by link doesn't exist, link zeroed
Table 145 referenced by link doesn't exist, link zeroed
Table 143 referenced by DB doesn't exist, DB is zeroed
Main task Table 143 don't exist, Table zeroed
Table 144 referenced by DB doesn't exist, DB is zeroed
Table 145 referenced by DB doesn't exist, DB is zeroed
Table 144 referenced by link doesn't exist, link zeroed
Table 145 referenced by link doesn't exist, link zeroed
Table 143 referenced by DB doesn't exist, DB is zeroed
Table 143 referenced by link doesn't exist, link zeroed
Table 144 referenced by DB doesn't exist, DB is zeroed
Table 145 referenced by DB doesn't exist, DB is zeroed
Table 144 referenced by link doesn't exist, link zeroed
Table 145 referenced by link doesn't exist, link zeroed
Table 143 referenced by DB doesn't exist, DB is zeroed
Main task Table 143 don't exist, Table zeroed
Table 144 referenced by DB doesn't exist, DB is zeroed
Table 145 referenced by DB doesn't exist, DB is zeroed
Table 144 referenced by link doesn't exist, link zeroed
Table 145 referenced by link doesn't exist, link zeroed
Table 143 referenced by DB doesn't exist, DB is zeroed
Main task Table 143 don't exist, Table zeroed
Table 144 referenced by DB doesn't exist, DB is zeroed
Table 145 referenced by DB doesn't exist, DB is zeroed
Table 144 referenced by link doesn't exist, link zeroed
Table 145 referenced by link doesn't exist, link zeroed
Table 143 referenced by DB doesn't exist, DB is zeroed
Main task Table 143 don't exist, Table zeroed
Table 39 referenced by DB doesn't exist, DB is zeroed
Table 185 referenced by DB doesn't exist, DB is zeroed
Table 39 referenced by link doesn't exist, link zeroed
Table 185 referenced by link doesn't exist, link zeroed
Table 60 referenced by DB doesn't exist, DB is zeroed
Main task Table 60 don't exist, Table zeroed
Table 105 referenced by DB doesn't exist, DB is zeroed
Main task Table 105 don't exist, Table zeroed
Table 319 referenced by DB doesn't exist, DB is zeroed
Table 319 referenced by link doesn't exist, link zeroed
Table 319 referenced by link doesn't exist, link zeroed
Table 319 referenced by link doesn't exist, link zeroed
Table 319 referenced by link doesn't exist, link zeroed
Table 319 referenced by link doesn't exist, link zeroed
Table 67 referenced by DB doesn't exist, DB is zeroed
Table 67 referenced by link doesn't exist, link zeroed
Table 243 referenced by DB doesn't exist, DB is zeroed
Table 243 referenced by link doesn't exist, link zeroed
Table 324 referenced by DB doesn't exist, DB is zeroed
Table 324 referenced by link doesn't exist, link zeroed
Table 67 referenced by DB doesn't exist, DB is zeroed
Table 67 referenced by link doesn't exist, link zeroed
Table 143 referenced by DB doesn't exist, DB is zeroed
Table 145 referenced by DB doesn't exist, DB is zeroed
Table 145 referenced by link doesn't exist, link zeroed
Table 143 referenced by link doesn't exist, link zeroed
Table 143 referenced by DB doesn't exist, DB is zeroed
Table 145 referenced by DB doesn't exist, DB is zeroed
Table 145 referenced by link doesn't exist, link zeroed
Table 143 referenced by link doesn't exist, link zeroed
Table 67 referenced by DB doesn't exist, DB is zeroed
Table 143 referenced by DB doesn't exist, DB is zeroed
Table 144 referenced by DB doesn't exist, DB is zeroed
Table 244 referenced by DB doesn't exist, DB is zeroed
Table 244 referenced by link doesn't exist, link zeroed
Table 144 referenced by link doesn't exist, link zeroed
Table 143 referenced by link doesn't exist, link zeroed
Table 67 referenced by link doesn't exist, link zeroed
Table 67 referenced by link doesn't exist, link zeroed
Table 67 referenced by DB doesn't exist, DB is zeroed
Table 319 referenced by DB doesn't exist, DB is zeroed
Table 321 referenced by DB doesn't exist, DB is zeroed
Table 324 referenced by DB doesn't exist, DB is zeroed
Table 319 referenced by link doesn't exist, link zeroed
Table 321 referenced by link doesn't exist, link zeroed
Table 324 referenced by link doesn't exist, link zeroed
Table 67 referenced by link doesn't exist, link zeroed
Table 243 referenced by DB doesn't exist, DB is zeroed
Table 244 referenced by DB doesn't exist, DB is zeroed
Table 245 referenced by DB doesn't exist, DB is zeroed
Table 246 referenced by DB doesn't exist, DB is zeroed
Table 245 referenced by link doesn't exist, link zeroed
Table 244 referenced by link doesn't exist, link zeroed
Table 243 referenced by link doesn't exist, link zeroed
Table 246 referenced by link doesn't exist, link zeroed
Table 67 referenced by DB doesn't exist, DB is zeroed
Table 73 referenced by DB doesn't exist, DB is zeroed
Table 73 referenced by link doesn't exist, link zeroed
Table 67 referenced by link doesn't exist, link zeroed
Table 67 referenced by DB doesn't exist, DB is zeroed
Table 243 referenced by DB doesn't exist, DB is zeroed
Table 67 referenced by link doesn't exist, link zeroed
Table 243 referenced by link doesn't exist, link zeroed
Table 146 referenced by DB doesn't exist, DB is zeroed
Table 146 referenced by link doesn't exist, link zeroed
Table 306 referenced by DB doesn't exist, DB is zeroed
Main task Table 306 don't exist, Table zeroed
Table 67 referenced by DB doesn't exist, DB is zeroed
Table 73 referenced by DB doesn't exist, DB is zeroed
Table 74 referenced by DB doesn't exist, DB is zeroed
Table 306 referenced by DB doesn't exist, DB is zeroed
Table 306 referenced by link doesn't exist, link zeroed
Table 67 referenced by link doesn't exist, link zeroed
Table 74 referenced by link doesn't exist, link zeroed
Table 73 referenced by link doesn't exist, link zeroed
Table 73 referenced by link doesn't exist, link zeroed
Table 306 referenced by DB doesn't exist, DB is zeroed
Main task Table 306 don't exist, Table zeroed
Table 306 referenced by DB doesn't exist, DB is zeroed
Table 306 referenced by link doesn't exist, link zeroed
Table 243 referenced by DB doesn't exist, DB is zeroed
Table 67 referenced by DB doesn't exist, DB is zeroed
Table 67 referenced by link doesn't exist, link zeroed
Table 243 referenced by link doesn't exist, link zeroed
Table 243 referenced by link doesn't exist, link zeroed
Table 243 referenced by DB doesn't exist, DB is zeroed
Table 245 referenced by DB doesn't exist, DB is zeroed
Table 243 referenced by link doesn't exist, link zeroed
Table 245 referenced by link doesn't exist, link zeroed
Table 192 referenced by DB doesn't exist, DB is zeroed
Main task Table 192 don't exist, Table zeroed
Table 193 referenced by DB doesn't exist, DB is zeroed
Main task Table 193 don't exist, Table zeroed
Table 194 referenced by DB doesn't exist, DB is zeroed
Main task Table 194 don't exist, Table zeroed
Table 195 referenced by DB doesn't exist, DB is zeroed
Main task Table 195 don't exist, Table zeroed
Table 199 referenced by DB doesn't exist, DB is zeroed
Main task Table 199 don't exist, Table zeroed
Table 67 referenced by DB doesn't exist, DB is zeroed
Main task Table 67 don't exist, Table zeroed
Table 67 referenced by DB doesn't exist, DB is zeroed
Table 67 referenced by link doesn't exist, link zeroed
Table 68 referenced by DB doesn't exist, DB is zeroed
Main task Table 68 don't exist, Table zeroed
Table 44 referenced by DB doesn't exist, DB is zeroed
Main task Table 44 don't exist, Table zeroed
Table 73 referenced by DB doesn't exist, DB is zeroed
Main task Table 73 don't exist, Table zeroed
Table 144 referenced by DB doesn't exist, DB is zeroed
Main task Table 144 don't exist, Table zeroed
Table 146 referenced by DB doesn't exist, DB is zeroed
Main task Table 146 don't exist, Table zeroed
Table 231 referenced by DB doesn't exist, DB is zeroed
Main task Table 231 don't exist, Table zeroed
Table 94 referenced by DB doesn't exist, DB is zeroed
Main task Table 94 don't exist, Table zeroed
Table 253 referenced by DB doesn't exist, DB is zeroed
Main task Table 253 don't exist, Table zeroed
Table 256 referenced by DB doesn't exist, DB is zeroed
Main task Table 256 don't exist, Table zeroed
Table 302 referenced by DB doesn't exist, DB is zeroed
Main task Table 302 don't exist, Table zeroed
Table 247 referenced by DB doesn't exist, DB is zeroed
Main task Table 247 don't exist, Table zeroed
Table 59 referenced by DB doesn't exist, DB is zeroed
Table 67 referenced by DB doesn't exist, DB is zeroed
Table 59 referenced by link doesn't exist, link zeroed
Table 67 referenced by link doesn't exist, link zeroed
Table 98 referenced by DB doesn't exist, DB is zeroed
Main task Table 98 don't exist, Table zeroed
Table 98 referenced by DB doesn't exist, DB is zeroed
Table 98 referenced by link doesn't exist, link zeroed
Table 98 referenced by DB doesn't exist, DB is zeroed
Main task Table 98 don't exist, Table zeroed
Table 97 referenced by DB doesn't exist, DB is zeroed
Table 59 referenced by DB doesn't exist, DB is zeroed
Table 39 referenced by DB doesn't exist, DB is zeroed
Table 97 referenced by link doesn't exist, link zeroed
Table 59 referenced by link doesn't exist, link zeroed
Table 39 referenced by link doesn't exist, link zeroed
Table 99 referenced by DB doesn't exist, DB is zeroed
Main task Table 99 don't exist, Table zeroed
Table 99 referenced by DB doesn't exist, DB is zeroed
Table 99 referenced by link doesn't exist, link zeroed
Table 99 referenced by DB doesn't exist, DB is zeroed
Main task Table 99 don't exist, Table zeroed
Table 99 referenced by DB doesn't exist, DB is zeroed
Main task Table 99 don't exist, Table zeroed
Table 59 referenced by DB doesn't exist, DB is zeroed
Table 39 referenced by DB doesn't exist, DB is zeroed
Table 59 referenced by link doesn't exist, link zeroed
Table 39 referenced by link doesn't exist, link zeroed
Table 97 referenced by DB doesn't exist, DB is zeroed
Table 98 referenced by DB doesn't exist, DB is zeroed
Table 99 referenced by DB doesn't exist, DB is zeroed
Main task Table 97 don't exist, Table zeroed
Table 98 referenced by link doesn't exist, link zeroed
Table 99 referenced by link doesn't exist, link zeroed
Table 99 referenced by DB doesn't exist, DB is zeroed
Main task Table 99 don't exist, Table zeroed
Table 98 referenced by DB doesn't exist, DB is zeroed
Main task Table 98 don't exist, Table zeroed
Table 67 referenced by DB doesn't exist, DB is zeroed
Table 67 referenced by link doesn't exist, link zeroed
Table 101 referenced by DB doesn't exist, DB is zeroed
Table 139 referenced by DB doesn't exist, DB is zeroed
Main task Table 139 don't exist, Table zeroed
Table 101 referenced by link doesn't exist, link zeroed
Table 139 referenced by DB doesn't exist, DB is zeroed
Table 139 referenced by link doesn't exist, link zeroed
Table 139 referenced by DB doesn't exist, DB is zeroed
Main task Table 139 don't exist, Table zeroed
Table 67 referenced by DB doesn't exist, DB is zeroed
Table 121 referenced by DB doesn't exist, DB is zeroed
Table 122 referenced by DB doesn't exist, DB is zeroed
Table 138 referenced by DB doesn't exist, DB is zeroed
Table 122 referenced by link doesn't exist, link zeroed
Table 121 referenced by link doesn't exist, link zeroed
Table 67 referenced by link doesn't exist, link zeroed
Table 138 referenced by link doesn't exist, link zeroed
Table 138 referenced by DB doesn't exist, DB is zeroed
Table 138 referenced by link doesn't exist, link zeroed
Table 138 referenced by DB doesn't exist, DB is zeroed
Main task Table 138 don't exist, Table zeroed
Table 136 referenced by DB doesn't exist, DB is zeroed
Main task Table 136 don't exist, Table zeroed
Table 135 referenced by DB doesn't exist, DB is zeroed
Main task Table 135 don't exist, Table zeroed
Table 101 referenced by DB doesn't exist, DB is zeroed
Table 138 referenced by DB doesn't exist, DB is zeroed
Main task Table 138 don't exist, Table zeroed
Table 101 referenced by link doesn't exist, link zeroed
Table 135 referenced by DB doesn't exist, DB is zeroed
Table 135 referenced by link doesn't exist, link zeroed
Table 135 referenced by link doesn't exist, link zeroed
Table 135 referenced by link doesn't exist, link zeroed
Table 135 referenced by link doesn't exist, link zeroed
Table 133 referenced by DB doesn't exist, DB is zeroed
Table 135 referenced by DB doesn't exist, DB is zeroed
Table 135 referenced by link doesn't exist, link zeroed
Table 133 referenced by link doesn't exist, link zeroed
Table 135 referenced by DB doesn't exist, DB is zeroed
Table 135 referenced by link doesn't exist, link zeroed
Table 135 referenced by DB doesn't exist, DB is zeroed
Table 135 referenced by link doesn't exist, link zeroed
Table 135 referenced by DB doesn't exist, DB is zeroed
Main task Table 135 don't exist, Table zeroed
Table 123 referenced by DB doesn't exist, DB is zeroed
Main task Table 123 don't exist, Table zeroed
Table 135 referenced by DB doesn't exist, DB is zeroed
Table 135 referenced by link doesn't exist, link zeroed
Table 135 referenced by DB doesn't exist, DB is zeroed
Table 135 referenced by link doesn't exist, link zeroed
Table 135 referenced by DB doesn't exist, DB is zeroed
Table 135 referenced by link doesn't exist, link zeroed
Table 135 referenced by DB doesn't exist, DB is zeroed
Table 135 referenced by link doesn't exist, link zeroed
Table 136 referenced by DB doesn't exist, DB is zeroed
Main task Table 136 don't exist, Table zeroed
Table 135 referenced by DB doesn't exist, DB is zeroed
Table 135 referenced by link doesn't exist, link zeroed
Table 139 referenced by DB doesn't exist, DB is zeroed
Main task Table 139 don't exist, Table zeroed
Table 138 referenced by DB doesn't exist, DB is zeroed
Table 138 referenced by link doesn't exist, link zeroed
Table 67 referenced by DB doesn't exist, DB is zeroed
Table 139 referenced by DB doesn't exist, DB is zeroed
Table 67 referenced by link doesn't exist, link zeroed
Table 139 referenced by link doesn't exist, link zeroed
Table 139 referenced by DB doesn't exist, DB is zeroed
Table 139 referenced by link doesn't exist, link zeroed
Table 139 referenced by DB doesn't exist, DB is zeroed
Main task Table 139 don't exist, Table zeroed
Table 136 referenced by DB doesn't exist, DB is zeroed
Main task Table 136 don't exist, Table zeroed
Table 136 referenced by DB doesn't exist, DB is zeroed
Main task Table 136 don't exist, Table zeroed
Table 101 referenced by DB doesn't exist, DB is zeroed
Table 139 referenced by DB doesn't exist, DB is zeroed
Main task Table 139 don't exist, Table zeroed
Table 101 referenced by link doesn't exist, link zeroed
Table 136 referenced by DB doesn't exist, DB is zeroed
Table 136 referenced by link doesn't exist, link zeroed
Table 136 referenced by link doesn't exist, link zeroed
Table 136 referenced by link doesn't exist, link zeroed
Table 136 referenced by link doesn't exist, link zeroed
Table 133 referenced by DB doesn't exist, DB is zeroed
Table 136 referenced by DB doesn't exist, DB is zeroed
Table 136 referenced by link doesn't exist, link zeroed
Table 133 referenced by link doesn't exist, link zeroed
Table 136 referenced by DB doesn't exist, DB is zeroed
Main task Table 136 don't exist, Table zeroed
Table 136 referenced by link doesn't exist, link zeroed
Table 136 referenced by DB doesn't exist, DB is zeroed
Table 136 referenced by link doesn't exist, link zeroed
Table 136 referenced by DB doesn't exist, DB is zeroed
Main task Table 136 don't exist, Table zeroed
Table 136 referenced by DB doesn't exist, DB is zeroed
Table 136 referenced by link doesn't exist, link zeroed
Table 136 referenced by DB doesn't exist, DB is zeroed
Table 136 referenced by link doesn't exist, link zeroed
Table 136 referenced by DB doesn't exist, DB is zeroed
Table 136 referenced by link doesn't exist, link zeroed
Table 136 referenced by DB doesn't exist, DB is zeroed
Table 136 referenced by link doesn't exist, link zeroed
Table 116 referenced by DB doesn't exist, DB is zeroed
Table 123 referenced by DB doesn't exist, DB is zeroed
Table 116 referenced by link doesn't exist, link zeroed
Table 123 referenced by link doesn't exist, link zeroed
Table 116 referenced by DB doesn't exist, DB is zeroed
Table 116 referenced by link doesn't exist, link zeroed
Table 116 referenced by DB doesn't exist, DB is zeroed
Table 116 referenced by link doesn't exist, link zeroed
Table 116 referenced by DB doesn't exist, DB is zeroed
Table 123 referenced by DB doesn't exist, DB is zeroed
Table 116 referenced by link doesn't exist, link zeroed
Table 123 referenced by link doesn't exist, link zeroed
Table 116 referenced by DB doesn't exist, DB is zeroed
Table 116 referenced by link doesn't exist, link zeroed
Table 116 referenced by DB doesn't exist, DB is zeroed
Table 116 referenced by link doesn't exist, link zeroed
Table 135 referenced by DB doesn't exist, DB is zeroed
Table 118 referenced by DB doesn't exist, DB is zeroed
Main task Table 135 don't exist, Table zeroed
Table 118 referenced by link doesn't exist, link zeroed
Table 62 referenced by DB doesn't exist, DB is zeroed
Table 59 referenced by DB doesn't exist, DB is zeroed
Table 113 referenced by DB doesn't exist, DB is zeroed
Table 114 referenced by DB doesn't exist, DB is zeroed
Table 115 referenced by DB doesn't exist, DB is zeroed
Table 122 referenced by DB doesn't exist, DB is zeroed
Table 115 referenced by link doesn't exist, link zeroed
Table 113 referenced by link doesn't exist, link zeroed
Table 114 referenced by link doesn't exist, link zeroed
Table 62 referenced by link doesn't exist, link zeroed
Table 122 referenced by link doesn't exist, link zeroed
Table 59 referenced by link doesn't exist, link zeroed
Table 116 referenced by DB doesn't exist, DB is zeroed
Main task Table 116 don't exist, Table zeroed
Table 116 referenced by DB doesn't exist, DB is zeroed
Table 122 referenced by DB doesn't exist, DB is zeroed
Table 123 referenced by DB doesn't exist, DB is zeroed
Table 116 referenced by link doesn't exist, link zeroed
Table 123 referenced by link doesn't exist, link zeroed
Table 122 referenced by link doesn't exist, link zeroed
Table 113 referenced by DB doesn't exist, DB is zeroed
Table 113 referenced by link doesn't exist, link zeroed
Table 114 referenced by DB doesn't exist, DB is zeroed
Table 114 referenced by link doesn't exist, link zeroed
Table 46 referenced by DB doesn't exist, DB is zeroed
Table 46 referenced by link doesn't exist, link zeroed
Table 122 referenced by DB doesn't exist, DB is zeroed
Main task Table 122 don't exist, Table zeroed
Table 67 referenced by DB doesn't exist, DB is zeroed
Table 115 referenced by DB doesn't exist, DB is zeroed
Main task Table 115 don't exist, Table zeroed
Table 67 referenced by link doesn't exist, link zeroed
Table 44 referenced by DB doesn't exist, DB is zeroed
Table 44 referenced by link doesn't exist, link zeroed
Table 67 referenced by DB doesn't exist, DB is zeroed
Table 117 referenced by DB doesn't exist, DB is zeroed
Table 117 referenced by link doesn't exist, link zeroed
Table 67 referenced by link doesn't exist, link zeroed
Table 121 referenced by DB doesn't exist, DB is zeroed
Table 122 referenced by DB doesn't exist, DB is zeroed
Table 122 referenced by link doesn't exist, link zeroed
Table 121 referenced by link doesn't exist, link zeroed
Table 122 referenced by DB doesn't exist, DB is zeroed
Table 123 referenced by DB doesn't exist, DB is zeroed
Main task Table 122 don't exist, Table zeroed
Table 123 referenced by link doesn't exist, link zeroed
Table 67 referenced by DB doesn't exist, DB is zeroed
Table 116 referenced by DB doesn't exist, DB is zeroed
Table 115 referenced by DB doesn't exist, DB is zeroed
Table 121 referenced by DB doesn't exist, DB is zeroed
Table 122 referenced by DB doesn't exist, DB is zeroed
Table 243 referenced by DB doesn't exist, DB is zeroed
Table 116 referenced by link doesn't exist, link zeroed
Table 115 referenced by link doesn't exist, link zeroed
Table 122 referenced by link doesn't exist, link zeroed
Table 122 referenced by link doesn't exist, link zeroed
Table 121 referenced by link doesn't exist, link zeroed
Table 67 referenced by link doesn't exist, link zeroed
Table 243 referenced by link doesn't exist, link zeroed
Table 67 referenced by DB doesn't exist, DB is zeroed
Table 105 referenced by DB doesn't exist, DB is zeroed
Table 113 referenced by DB doesn't exist, DB is zeroed
Table 115 referenced by DB doesn't exist, DB is zeroed
Table 117 referenced by DB doesn't exist, DB is zeroed
Table 123 referenced by DB doesn't exist, DB is zeroed
Table 120 referenced by DB doesn't exist, DB is zeroed
Table 115 referenced by link doesn't exist, link zeroed
Table 117 referenced by link doesn't exist, link zeroed
Table 105 referenced by link doesn't exist, link zeroed
Table 123 referenced by link doesn't exist, link zeroed
Table 113 referenced by link doesn't exist, link zeroed
Table 120 referenced by link doesn't exist, link zeroed
Table 67 referenced by link doesn't exist, link zeroed
Table 122 referenced by DB doesn't exist, DB is zeroed
Main task Table 122 don't exist, Table zeroed
Table 116 referenced by DB doesn't exist, DB is zeroed
Table 116 referenced by link doesn't exist, link zeroed
Table 116 referenced by DB doesn't exist, DB is zeroed
Table 116 referenced by link doesn't exist, link zeroed
Table 115 referenced by DB doesn't exist, DB is zeroed
Table 115 referenced by link doesn't exist, link zeroed
Table 113 referenced by DB doesn't exist, DB is zeroed
Table 116 referenced by DB doesn't exist, DB is zeroed
Table 115 referenced by DB doesn't exist, DB is zeroed
Table 116 referenced by link doesn't exist, link zeroed
Table 115 referenced by link doesn't exist, link zeroed
Table 113 referenced by link doesn't exist, link zeroed
Table 116 referenced by DB doesn't exist, DB is zeroed
Main task Table 116 don't exist, Table zeroed
Table 50 referenced by DB doesn't exist, DB is zeroed
Table 96 referenced by DB doesn't exist, DB is zeroed
Table 67 referenced by DB doesn't exist, DB is zeroed
Table 70 referenced by DB doesn't exist, DB is zeroed
Table 144 referenced by DB doesn't exist, DB is zeroed
Table 121 referenced by DB doesn't exist, DB is zeroed
Table 122 referenced by DB doesn't exist, DB is zeroed
Table 67 referenced by link doesn't exist, link zeroed
Table 70 referenced by link doesn't exist, link zeroed
Table 144 referenced by link doesn't exist, link zeroed
Table 122 referenced by link doesn't exist, link zeroed
Table 121 referenced by link doesn't exist, link zeroed
Table 96 referenced by link doesn't exist, link zeroed
Table 67 referenced by link doesn't exist, link zeroed
Table 50 referenced by link doesn't exist, link zeroed
Table 67 referenced by link doesn't exist, link zeroed
Table 50 referenced by link doesn't exist, link zeroed
Table 49 referenced by DB doesn't exist, DB is zeroed
Table 50 referenced by DB doesn't exist, DB is zeroed
Table 59 referenced by DB doesn't exist, DB is zeroed
Table 146 referenced by DB doesn't exist, DB is zeroed
Table 249 referenced by DB doesn't exist, DB is zeroed
Table 146 referenced by link doesn't exist, link zeroed
Table 249 referenced by link doesn't exist, link zeroed
Table 59 referenced by link doesn't exist, link zeroed
Table 49 referenced by link doesn't exist, link zeroed
Table 50 referenced by link doesn't exist, link zeroed
Table 123 referenced by DB doesn't exist, DB is zeroed
Main task Table 123 don't exist, Table zeroed
Table 101 referenced by DB doesn't exist, DB is zeroed
Table 103 referenced by DB doesn't exist, DB is zeroed
Table 123 referenced by DB doesn't exist, DB is zeroed
Main task Table 123 don't exist, Table zeroed
Table 101 referenced by link doesn't exist, link zeroed
Table 103 referenced by link doesn't exist, link zeroed
Table 118 referenced by DB doesn't exist, DB is zeroed
Table 118 referenced by link doesn't exist, link zeroed
Table 121 referenced by DB doesn't exist, DB is zeroed
Table 122 referenced by DB doesn't exist, DB is zeroed
Table 122 referenced by link doesn't exist, link zeroed
Table 121 referenced by link doesn't exist, link zeroed
Table 100 referenced by DB doesn't exist, DB is zeroed
Table 122 referenced by DB doesn't exist, DB is zeroed
Table 123 referenced by DB doesn't exist, DB is zeroed
Main task Table 122 don't exist, Table zeroed
Table 100 referenced by link doesn't exist, link zeroed
Table 123 referenced by link doesn't exist, link zeroed
Table 100 referenced by DB doesn't exist, DB is zeroed
Table 122 referenced by DB doesn't exist, DB is zeroed
Table 123 referenced by DB doesn't exist, DB is zeroed
Main task Table 122 don't exist, Table zeroed
Table 100 referenced by link doesn't exist, link zeroed
Table 123 referenced by link doesn't exist, link zeroed
Table 50 referenced by DB doesn't exist, DB is zeroed
Table 67 referenced by DB doesn't exist, DB is zeroed
Table 100 referenced by DB doesn't exist, DB is zeroed
Table 49 referenced by DB doesn't exist, DB is zeroed
Table 62 referenced by DB doesn't exist, DB is zeroed
Table 107 referenced by DB doesn't exist, DB is zeroed
Table 113 referenced by DB doesn't exist, DB is zeroed
Table 116 referenced by DB doesn't exist, DB is zeroed
Table 104 referenced by DB doesn't exist, DB is zeroed
Table 105 referenced by DB doesn't exist, DB is zeroed
Table 106 referenced by DB doesn't exist, DB is zeroed
Table 121 referenced by DB doesn't exist, DB is zeroed
Table 122 referenced by DB doesn't exist, DB is zeroed
Table 124 referenced by DB doesn't exist, DB is zeroed
Table 126 referenced by DB doesn't exist, DB is zeroed
Table 127 referenced by DB doesn't exist, DB is zeroed
Table 128 referenced by DB doesn't exist, DB is zeroed
Table 129 referenced by DB doesn't exist, DB is zeroed
Table 135 referenced by DB doesn't exist, DB is zeroed
Table 245 referenced by DB doesn't exist, DB is zeroed
Table 249 referenced by DB doesn't exist, DB is zeroed
Table 104 referenced by link doesn't exist, link zeroed
Table 105 referenced by link doesn't exist, link zeroed
Table 62 referenced by link doesn't exist, link zeroed
Table 113 referenced by link doesn't exist, link zeroed
Table 135 referenced by link doesn't exist, link zeroed
Table 67 referenced by link doesn't exist, link zeroed
Table 67 referenced by link doesn't exist, link zeroed
Table 122 referenced by link doesn't exist, link zeroed
Table 124 referenced by link doesn't exist, link zeroed
Table 124 referenced by link doesn't exist, link zeroed
Table 121 referenced by link doesn't exist, link zeroed
Table 67 referenced by link doesn't exist, link zeroed
Table 245 referenced by link doesn't exist, link zeroed
Table 107 referenced by link doesn't exist, link zeroed
Table 67 referenced by link doesn't exist, link zeroed
Table 249 referenced by link doesn't exist, link zeroed
Table 249 referenced by link doesn't exist, link zeroed
Table 100 referenced by link doesn't exist, link zeroed
Table 67 referenced by link doesn't exist, link zeroed
Table 50 referenced by link doesn't exist, link zeroed
Table 50 referenced by link doesn't exist, link zeroed
Table 49 referenced by link doesn't exist, link zeroed
Table 126 referenced by link doesn't exist, link zeroed
Table 126 referenced by link doesn't exist, link zeroed
Table 127 referenced by link doesn't exist, link zeroed
Table 128 referenced by link doesn't exist, link zeroed
Table 129 referenced by link doesn't exist, link zeroed
Table 116 referenced by link doesn't exist, link zeroed
Table 106 referenced by link doesn't exist, link zeroed
Table 59 referenced by DB doesn't exist, DB is zeroed
Table 59 referenced by link doesn't exist, link zeroed
Table 123 referenced by DB doesn't exist, DB is zeroed
Main task Table 123 don't exist, Table zeroed
Table 102 referenced by DB doesn't exist, DB is zeroed
Table 123 referenced by DB doesn't exist, DB is zeroed
Main task Table 123 don't exist, Table zeroed
Table 102 referenced by link doesn't exist, link zeroed
Table 101 referenced by DB doesn't exist, DB is zeroed
Table 103 referenced by DB doesn't exist, DB is zeroed
Table 102 referenced by DB doesn't exist, DB is zeroed
Table 123 referenced by DB doesn't exist, DB is zeroed
Table 138 referenced by DB doesn't exist, DB is zeroed
Main task Table 123 don't exist, Table zeroed
Table 138 referenced by link doesn't exist, link zeroed
Table 102 referenced by link doesn't exist, link zeroed
Table 101 referenced by link doesn't exist, link zeroed
Table 103 referenced by link doesn't exist, link zeroed
Table 108 referenced by DB doesn't exist, DB is zeroed
Table 249 referenced by DB doesn't exist, DB is zeroed
Table 108 referenced by link doesn't exist, link zeroed
Table 108 referenced by link doesn't exist, link zeroed
Table 249 referenced by link doesn't exist, link zeroed
Table 49 referenced by DB doesn't exist, DB is zeroed
Table 50 referenced by DB doesn't exist, DB is zeroed
Table 59 referenced by DB doesn't exist, DB is zeroed
Table 146 referenced by DB doesn't exist, DB is zeroed
Table 146 referenced by link doesn't exist, link zeroed
Table 59 referenced by link doesn't exist, link zeroed
Table 49 referenced by link doesn't exist, link zeroed
Table 50 referenced by link doesn't exist, link zeroed
Table 123 referenced by DB doesn't exist, DB is zeroed
Main task Table 123 don't exist, Table zeroed
Table 102 referenced by DB doesn't exist, DB is zeroed
Table 123 referenced by DB doesn't exist, DB is zeroed
Main task Table 123 don't exist, Table zeroed
Table 102 referenced by link doesn't exist, link zeroed
Table 101 referenced by DB doesn't exist, DB is zeroed
Table 103 referenced by DB doesn't exist, DB is zeroed
Table 102 referenced by DB doesn't exist, DB is zeroed
Table 123 referenced by DB doesn't exist, DB is zeroed
Table 138 referenced by DB doesn't exist, DB is zeroed
Main task Table 123 don't exist, Table zeroed
Table 138 referenced by link doesn't exist, link zeroed
Table 102 referenced by link doesn't exist, link zeroed
Table 101 referenced by link doesn't exist, link zeroed
Table 103 referenced by link doesn't exist, link zeroed
Table 101 referenced by DB doesn't exist, DB is zeroed
Table 133 referenced by DB doesn't exist, DB is zeroed
Table 138 referenced by DB doesn't exist, DB is zeroed
Table 241 referenced by DB doesn't exist, DB is zeroed
Main task Table 241 don't exist, Table zeroed
Table 133 referenced by link doesn't exist, link zeroed
Table 138 referenced by link doesn't exist, link zeroed
Table 101 referenced by link doesn't exist, link zeroed
Table 241 referenced by DB doesn't exist, DB is zeroed
Main task Table 241 don't exist, Table zeroed
Table 118 referenced by DB doesn't exist, DB is zeroed
Table 118 referenced by link doesn't exist, link zeroed
Table 118 referenced by DB doesn't exist, DB is zeroed
Table 118 referenced by link doesn't exist, link zeroed
Table 135 referenced by DB doesn't exist, DB is zeroed
Table 135 referenced by link doesn't exist, link zeroed
Table 241 referenced by DB doesn't exist, DB is zeroed
Main task Table 241 don't exist, Table zeroed
Table 135 referenced by DB doesn't exist, DB is zeroed
Main task Table 135 don't exist, Table zeroed
Table 135 referenced by DB doesn't exist, DB is zeroed
Main task Table 135 don't exist, Table zeroed
Table 135 referenced by DB doesn't exist, DB is zeroed
Main task Table 135 don't exist, Table zeroed
Table 135 referenced by DB doesn't exist, DB is zeroed
Main task Table 135 don't exist, Table zeroed
Table 241 referenced by DB doesn't exist, DB is zeroed
Table 241 referenced by link doesn't exist, link zeroed
Table 241 referenced by DB doesn't exist, DB is zeroed
Table 241 referenced by link doesn't exist, link zeroed
Table 241 referenced by DB doesn't exist, DB is zeroed
Main task Table 241 don't exist, Table zeroed
Table 135 referenced by DB doesn't exist, DB is zeroed
Table 135 referenced by link doesn't exist, link zeroed
Table 104 referenced by DB doesn't exist, DB is zeroed
Table 104 referenced by link doesn't exist, link zeroed
Table 67 referenced by DB doesn't exist, DB is zeroed
Table 67 referenced by link doesn't exist, link zeroed
Table 67 referenced by DB doesn't exist, DB is zeroed
Table 100 referenced by DB doesn't exist, DB is zeroed
Table 117 referenced by DB doesn't exist, DB is zeroed
Table 113 referenced by DB doesn't exist, DB is zeroed
Table 115 referenced by DB doesn't exist, DB is zeroed
Table 121 referenced by DB doesn't exist, DB is zeroed
Table 122 referenced by DB doesn't exist, DB is zeroed
Table 124 referenced by DB doesn't exist, DB is zeroed
Table 126 referenced by DB doesn't exist, DB is zeroed
Table 128 referenced by DB doesn't exist, DB is zeroed
Table 129 referenced by DB doesn't exist, DB is zeroed
Table 100 referenced by link doesn't exist, link zeroed
Table 113 referenced by link doesn't exist, link zeroed
Table 115 referenced by link doesn't exist, link zeroed
Table 67 referenced by link doesn't exist, link zeroed
Table 67 referenced by link doesn't exist, link zeroed
Table 117 referenced by link doesn't exist, link zeroed
Table 122 referenced by link doesn't exist, link zeroed
Table 124 referenced by link doesn't exist, link zeroed
Table 121 referenced by link doesn't exist, link zeroed
Table 67 referenced by link doesn't exist, link zeroed
Table 126 referenced by link doesn't exist, link zeroed
Table 67 referenced by link doesn't exist, link zeroed
Table 129 referenced by link doesn't exist, link zeroed
Table 128 referenced by link doesn't exist, link zeroed
Table 49 referenced by DB doesn't exist, DB is zeroed
Table 50 referenced by DB doesn't exist, DB is zeroed
Table 101 referenced by DB doesn't exist, DB is zeroed
Table 101 referenced by link doesn't exist, link zeroed
Table 49 referenced by link doesn't exist, link zeroed
Table 50 referenced by link doesn't exist, link zeroed
Table 118 referenced by DB doesn't exist, DB is zeroed
Table 118 referenced by link doesn't exist, link zeroed
Table 116 referenced by DB doesn't exist, DB is zeroed
Table 116 referenced by link doesn't exist, link zeroed
Table 122 referenced by DB doesn't exist, DB is zeroed
Table 123 referenced by DB doesn't exist, DB is zeroed
Table 123 referenced by link doesn't exist, link zeroed
Table 122 referenced by link doesn't exist, link zeroed
Table 135 referenced by DB doesn't exist, DB is zeroed
Main task Table 135 don't exist, Table zeroed
Table 113 referenced by DB doesn't exist, DB is zeroed
Table 113 referenced by link doesn't exist, link zeroed
Table 115 referenced by DB doesn't exist, DB is zeroed
Table 117 referenced by DB doesn't exist, DB is zeroed
Table 115 referenced by link doesn't exist, link zeroed
Table 117 referenced by link doesn't exist, link zeroed
Table 126 referenced by DB doesn't exist, DB is zeroed
Table 128 referenced by DB doesn't exist, DB is zeroed
Table 128 referenced by link doesn't exist, link zeroed
Table 126 referenced by link doesn't exist, link zeroed
Table 126 referenced by DB doesn't exist, DB is zeroed
Table 126 referenced by link doesn't exist, link zeroed
Table 128 referenced by DB doesn't exist, DB is zeroed
Table 128 referenced by link doesn't exist, link zeroed
Table 118 referenced by DB doesn't exist, DB is zeroed
Table 118 referenced by link doesn't exist, link zeroed
Table 62 referenced by DB doesn't exist, DB is zeroed
Table 59 referenced by DB doesn't exist, DB is zeroed
Table 67 referenced by DB doesn't exist, DB is zeroed
Table 100 referenced by DB doesn't exist, DB is zeroed
Table 113 referenced by DB doesn't exist, DB is zeroed
Table 116 referenced by DB doesn't exist, DB is zeroed
Table 115 referenced by DB doesn't exist, DB is zeroed
Table 133 referenced by DB doesn't exist, DB is zeroed
Table 121 referenced by DB doesn't exist, DB is zeroed
Table 122 referenced by DB doesn't exist, DB is zeroed
Table 124 referenced by DB doesn't exist, DB is zeroed
Table 138 referenced by DB doesn't exist, DB is zeroed
Table 141 referenced by DB doesn't exist, DB is zeroed
Table 142 referenced by DB doesn't exist, DB is zeroed
Table 143 referenced by DB doesn't exist, DB is zeroed
Table 144 referenced by DB doesn't exist, DB is zeroed
Table 116 referenced by link doesn't exist, link zeroed
Table 115 referenced by link doesn't exist, link zeroed
Table 138 referenced by link doesn't exist, link zeroed
Table 133 referenced by link doesn't exist, link zeroed
Table 133 referenced by link doesn't exist, link zeroed
Table 122 referenced by link doesn't exist, link zeroed
Table 124 referenced by link doesn't exist, link zeroed
Table 121 referenced by link doesn't exist, link zeroed
Table 67 referenced by link doesn't exist, link zeroed
Table 59 referenced by link doesn't exist, link zeroed
Table 62 referenced by link doesn't exist, link zeroed
Table 113 referenced by link doesn't exist, link zeroed
Table 100 referenced by link doesn't exist, link zeroed
Table 67 referenced by link doesn't exist, link zeroed
Table 144 referenced by link doesn't exist, link zeroed
Table 143 referenced by link doesn't exist, link zeroed
Table 141 referenced by link doesn't exist, link zeroed
Table 142 referenced by link doesn't exist, link zeroed
Table 67 referenced by DB doesn't exist, DB is zeroed
Table 115 referenced by DB doesn't exist, DB is zeroed
Table 121 referenced by DB doesn't exist, DB is zeroed
Table 122 referenced by DB doesn't exist, DB is zeroed
Table 126 referenced by DB doesn't exist, DB is zeroed
Table 128 referenced by DB doesn't exist, DB is zeroed
Table 129 referenced by DB doesn't exist, DB is zeroed
Table 126 referenced by link doesn't exist, link zeroed
Table 126 referenced by link doesn't exist, link zeroed
Table 121 referenced by link doesn't exist, link zeroed
Table 115 referenced by link doesn't exist, link zeroed
Table 67 referenced by link doesn't exist, link zeroed
Table 67 referenced by link doesn't exist, link zeroed
Table 67 referenced by link doesn't exist, link zeroed
Table 122 referenced by link doesn't exist, link zeroed
Table 128 referenced by link doesn't exist, link zeroed
Table 129 referenced by link doesn't exist, link zeroed
Table 121 referenced by link doesn't exist, link zeroed
Table 116 referenced by DB doesn't exist, DB is zeroed
Main task Table 116 don't exist, Table zeroed
Table 67 referenced by DB doesn't exist, DB is zeroed
Table 178 referenced by DB doesn't exist, DB is zeroed
Main task Table 67 don't exist, Table zeroed
Table 178 referenced by link doesn't exist, link zeroed
Table 38 referenced by DB doesn't exist, DB is zeroed
Table 171 referenced by DB doesn't exist, DB is zeroed
Table 38 referenced by link doesn't exist, link zeroed
Table 171 referenced by link doesn't exist, link zeroed
Table 67 referenced by DB doesn't exist, DB is zeroed
Table 115 referenced by DB doesn't exist, DB is zeroed
Table 118 referenced by DB doesn't exist, DB is zeroed
Table 122 referenced by DB doesn't exist, DB is zeroed
Table 129 referenced by DB doesn't exist, DB is zeroed
Table 141 referenced by DB doesn't exist, DB is zeroed
Table 142 referenced by DB doesn't exist, DB is zeroed
Table 115 referenced by link doesn't exist, link zeroed
Table 122 referenced by link doesn't exist, link zeroed
Table 129 referenced by link doesn't exist, link zeroed
Table 118 referenced by link doesn't exist, link zeroed
Table 141 referenced by link doesn't exist, link zeroed
Table 142 referenced by link doesn't exist, link zeroed
Table 67 referenced by link doesn't exist, link zeroed
Table 108 referenced by DB doesn't exist, DB is zeroed
Table 108 referenced by link doesn't exist, link zeroed
Table 108 referenced by link doesn't exist, link zeroed
Table 49 referenced by DB doesn't exist, DB is zeroed
Table 50 referenced by DB doesn't exist, DB is zeroed
Table 115 referenced by DB doesn't exist, DB is zeroed
Table 59 referenced by DB doesn't exist, DB is zeroed
Table 67 referenced by DB doesn't exist, DB is zeroed
Table 113 referenced by DB doesn't exist, DB is zeroed
Table 117 referenced by DB doesn't exist, DB is zeroed
Table 121 referenced by DB doesn't exist, DB is zeroed
Table 122 referenced by DB doesn't exist, DB is zeroed
Main task Table 115 don't exist, Table zeroed
Table 117 referenced by link doesn't exist, link zeroed
Table 50 referenced by link doesn't exist, link zeroed
Table 49 referenced by link doesn't exist, link zeroed
Table 113 referenced by link doesn't exist, link zeroed
Table 122 referenced by link doesn't exist, link zeroed
Table 121 referenced by link doesn't exist, link zeroed
Table 67 referenced by link doesn't exist, link zeroed
Table 59 referenced by link doesn't exist, link zeroed
Table 118 referenced by DB doesn't exist, DB is zeroed
Main task Table 118 don't exist, Table zeroed
Table 113 referenced by DB doesn't exist, DB is zeroed
Table 115 referenced by DB doesn't exist, DB is zeroed
Table 122 referenced by DB doesn't exist, DB is zeroed
Table 124 referenced by DB doesn't exist, DB is zeroed
Table 142 referenced by DB doesn't exist, DB is zeroed
Table 115 referenced by link doesn't exist, link zeroed
Table 113 referenced by link doesn't exist, link zeroed
Table 122 referenced by link doesn't exist, link zeroed
Table 124 referenced by link doesn't exist, link zeroed
Table 142 referenced by link doesn't exist, link zeroed
Table 59 referenced by DB doesn't exist, DB is zeroed
Table 67 referenced by DB doesn't exist, DB is zeroed
Table 115 referenced by DB doesn't exist, DB is zeroed
Table 121 referenced by DB doesn't exist, DB is zeroed
Table 122 referenced by DB doesn't exist, DB is zeroed
Main task Table 115 don't exist, Table zeroed
Table 122 referenced by link doesn't exist, link zeroed
Table 121 referenced by link doesn't exist, link zeroed
Table 67 referenced by link doesn't exist, link zeroed
Table 59 referenced by link doesn't exist, link zeroed
Table 116 referenced by DB doesn't exist, DB is zeroed
Main task Table 116 don't exist, Table zeroed
Table 146 referenced by DB doesn't exist, DB is zeroed
Table 146 referenced by link doesn't exist, link zeroed
Table 113 referenced by DB doesn't exist, DB is zeroed
Table 115 referenced by DB doesn't exist, DB is zeroed
Main task Table 115 don't exist, Table zeroed
Table 113 referenced by link doesn't exist, link zeroed
Table 113 referenced by DB doesn't exist, DB is zeroed
Table 118 referenced by DB doesn't exist, DB is zeroed
Table 121 referenced by DB doesn't exist, DB is zeroed
Table 122 referenced by DB doesn't exist, DB is zeroed
Main task Table 118 don't exist, Table zeroed
Table 122 referenced by link doesn't exist, link zeroed
Table 121 referenced by link doesn't exist, link zeroed
Table 113 referenced by link doesn't exist, link zeroed
Table 118 referenced by DB doesn't exist, DB is zeroed
Main task Table 118 don't exist, Table zeroed
Table 118 referenced by DB doesn't exist, DB is zeroed
Main task Table 118 don't exist, Table zeroed
Table 116 referenced by DB doesn't exist, DB is zeroed
Main task Table 116 don't exist, Table zeroed
Table 116 referenced by DB doesn't exist, DB is zeroed
Main task Table 116 don't exist, Table zeroed
Table 67 referenced by DB doesn't exist, DB is zeroed
Table 100 referenced by DB doesn't exist, DB is zeroed
Table 117 referenced by DB doesn't exist, DB is zeroed
Table 113 referenced by DB doesn't exist, DB is zeroed
Table 121 referenced by DB doesn't exist, DB is zeroed
Table 122 referenced by DB doesn't exist, DB is zeroed
Table 100 referenced by link doesn't exist, link zeroed
Table 113 referenced by link doesn't exist, link zeroed
Table 67 referenced by link doesn't exist, link zeroed
Table 117 referenced by link doesn't exist, link zeroed
Table 117 referenced by link doesn't exist, link zeroed
Table 122 referenced by link doesn't exist, link zeroed
Table 121 referenced by link doesn't exist, link zeroed
Table 49 referenced by DB doesn't exist, DB is zeroed
Table 50 referenced by DB doesn't exist, DB is zeroed
Table 101 referenced by DB doesn't exist, DB is zeroed
Table 101 referenced by link doesn't exist, link zeroed
Table 49 referenced by link doesn't exist, link zeroed
Table 50 referenced by link doesn't exist, link zeroed
Table 116 referenced by DB doesn't exist, DB is zeroed
Table 118 referenced by DB doesn't exist, DB is zeroed
Table 118 referenced by link doesn't exist, link zeroed
Table 116 referenced by DB doesn't exist, DB is zeroed
Table 116 referenced by link doesn't exist, link zeroed
Table 122 referenced by DB doesn't exist, DB is zeroed
Table 123 referenced by DB doesn't exist, DB is zeroed
Table 123 referenced by link doesn't exist, link zeroed
Table 122 referenced by link doesn't exist, link zeroed
Table 135 referenced by DB doesn't exist, DB is zeroed
Main task Table 135 don't exist, Table zeroed
Table 113 referenced by DB doesn't exist, DB is zeroed
Table 113 referenced by link doesn't exist, link zeroed
Table 115 referenced by DB doesn't exist, DB is zeroed
Table 117 referenced by DB doesn't exist, DB is zeroed
Table 115 referenced by link doesn't exist, link zeroed
Table 117 referenced by link doesn't exist, link zeroed
Table 118 referenced by DB doesn't exist, DB is zeroed
Table 118 referenced by link doesn't exist, link zeroed
Table 67 referenced by DB doesn't exist, DB is zeroed
Table 118 referenced by DB doesn't exist, DB is zeroed
Table 115 referenced by DB doesn't exist, DB is zeroed
Table 243 referenced by DB doesn't exist, DB is zeroed
Table 118 referenced by link doesn't exist, link zeroed
Table 115 referenced by link doesn't exist, link zeroed
Table 67 referenced by link doesn't exist, link zeroed
Table 243 referenced by link doesn't exist, link zeroed
Table 118 referenced by DB doesn't exist, DB is zeroed
Table 118 referenced by link doesn't exist, link zeroed
Table 113 referenced by DB doesn't exist, DB is zeroed
Table 115 referenced by DB doesn't exist, DB is zeroed
Table 122 referenced by DB doesn't exist, DB is zeroed
Table 113 referenced by link doesn't exist, link zeroed
Table 122 referenced by link doesn't exist, link zeroed
Table 115 referenced by link doesn't exist, link zeroed
Table 116 referenced by DB doesn't exist, DB is zeroed
Main task Table 116 don't exist, Table zeroed
Table 118 referenced by DB doesn't exist, DB is zeroed
Table 118 referenced by link doesn't exist, link zeroed
Table 118 referenced by DB doesn't exist, DB is zeroed
Main task Table 118 don't exist, Table zeroed
Table 115 referenced by DB doesn't exist, DB is zeroed
Main task Table 115 don't exist, Table zeroed

Import warnings from file: C:\Magic\TIN\Exports\DataSources.xml (22/04/19 09:17:53)
===================================================================================


Import warnings from file: C:\Magic\TIN\Exports\Project.xml (23/04/19 12:36:43)
===============================================================================


Import warnings from file: C:\Magic\TIN\Exports\Project.xml (23/04/19 12:40:37)
===============================================================================


